TN:
SF:const.js
FNF:0
FNH:0
DA:1,1
DA:2,1
DA:3,1
DA:4,1
DA:5,1
DA:6,1
DA:7,1
DA:8,1
DA:9,1
DA:10,1
DA:11,1
DA:12,1
DA:13,1
DA:14,1
DA:15,1
DA:16,1
DA:17,1
DA:18,1
DA:19,1
DA:20,1
DA:21,1
DA:22,1
DA:23,1
DA:24,1
DA:25,1
DA:26,1
DA:27,1
DA:28,1
DA:29,1
DA:30,1
DA:31,1
DA:32,1
DA:33,1
DA:34,1
DA:35,1
DA:36,1
DA:37,1
DA:38,1
DA:39,1
DA:40,1
LF:40
LH:40
BRF:0
BRH:0
end_of_record
TN:
SF:server.js
FNF:0
FNH:0
DA:1,1
DA:2,1
DA:3,1
DA:4,1
DA:5,1
DA:6,1
DA:7,1
DA:8,1
DA:9,1
DA:10,1
DA:11,1
DA:12,1
DA:13,1
DA:14,1
DA:15,1
DA:16,1
DA:17,1
DA:18,1
DA:19,1
DA:20,1
DA:21,1
DA:22,1
DA:23,1
DA:24,1
DA:25,1
DA:26,1
DA:27,1
DA:28,0
DA:29,0
DA:30,0
DA:31,0
DA:32,0
DA:33,0
DA:34,0
DA:35,0
DA:36,1
DA:37,1
DA:38,1
DA:39,1
DA:40,1
DA:41,1
DA:42,1
DA:43,1
DA:44,1
DA:45,1
DA:46,1
DA:47,1
LF:47
LH:39
BRDA:27,0,0,0
BRF:1
BRH:0
end_of_record
TN:
SF:config/db.js
FNF:0
FNH:0
DA:1,1
DA:2,1
DA:3,1
DA:4,1
DA:5,1
DA:6,0
DA:7,0
DA:8,0
DA:9,0
DA:10,1
DA:11,1
DA:12,1
DA:13,1
DA:14,1
DA:15,1
DA:16,1
DA:17,1
DA:18,1
DA:19,1
DA:20,1
LF:20
LH:16
BRDA:5,0,0,0
BRF:1
BRH:0
end_of_record
TN:
SF:config/logger.js
FNF:0
FNH:0
DA:1,1
DA:2,1
DA:3,1
DA:4,1
DA:5,1
DA:6,1
DA:7,1
DA:8,1
DA:9,1
DA:10,1
DA:11,1
DA:12,1
DA:13,1
LF:13
LH:13
BRF:0
BRH:0
end_of_record
TN:
SF:config/redis.js
FN:23,close
FN:32,drop
FNF:2
FNH:2
FNDA:2,close
FNDA:2,drop
DA:1,1
DA:2,1
DA:3,1
DA:4,1
DA:5,1
DA:6,1
DA:7,1
DA:8,1
DA:9,1
DA:10,1
DA:11,0
DA:12,0
DA:13,1
DA:14,1
DA:15,2
DA:16,2
DA:17,1
DA:18,1
DA:19,1
DA:20,1
DA:21,1
DA:22,1
DA:23,1
DA:24,2
DA:25,2
DA:26,2
DA:27,2
DA:28,2
DA:29,2
DA:30,2
DA:31,1
DA:32,1
DA:33,2
DA:34,2
DA:35,2
DA:36,2
DA:37,2
DA:38,2
DA:39,2
DA:40,1
DA:41,1
DA:42,1
DA:43,1
DA:44,1
DA:45,1
DA:46,1
DA:47,1
DA:48,1
DA:49,1
DA:50,1
LF:50
LH:48
BRDA:14,0,0,2
BRDA:23,1,0,2
BRDA:24,2,0,2
BRDA:25,3,0,2
BRDA:29,4,0,2
BRDA:32,5,0,2
BRDA:33,6,0,2
BRDA:34,7,0,2
BRDA:38,8,0,2
BRF:9
BRH:9
end_of_record
TN:
SF:controllers/notes.js
FN:7,createNote
FN:26,getNotes
FN:71,updateNote
FN:109,deleteNote
FN:144,shareNote
FN:182,getSharedNote
FNF:6
FNH:4
FNDA:6,createNote
FNDA:3,getNotes
FNDA:3,updateNote
FNDA:0,deleteNote
FNDA:0,shareNote
FNDA:3,getSharedNote
DA:1,1
DA:2,1
DA:3,1
DA:4,1
DA:5,1
DA:6,1
DA:7,1
DA:8,6
DA:9,6
DA:10,6
DA:11,6
DA:12,6
DA:13,6
DA:14,6
DA:15,1
DA:16,1
DA:17,1
DA:18,5
DA:19,5
DA:20,5
DA:21,6
DA:22,0
DA:23,0
DA:24,5
DA:25,1
DA:26,1
DA:27,3
DA:28,3
DA:29,3
DA:30,3
DA:31,3
DA:32,3
DA:33,3
DA:34,3
DA:35,3
DA:36,3
DA:37,0
DA:38,0
DA:39,0
DA:40,3
DA:41,3
DA:42,3
DA:43,3
DA:44,3
DA:45,3
DA:46,3
DA:47,2
DA:48,2
DA:49,2
DA:50,1
DA:51,1
DA:52,1
DA:53,1
DA:54,1
DA:55,1
DA:56,1
DA:57,1
DA:58,1
DA:59,1
DA:60,3
DA:61,0
DA:62,0
DA:63,0
DA:64,1
DA:65,1
DA:66,3
DA:67,0
DA:68,0
DA:69,1
DA:70,1
DA:71,1
DA:72,3
DA:73,3
DA:74,3
DA:75,3
DA:76,3
DA:77,3
DA:78,3
DA:79,1
DA:80,1
DA:81,1
DA:82,2
DA:83,2
DA:84,3
DA:85,0
DA:86,0
DA:87,0
DA:88,2
DA:89,2
DA:90,2
DA:91,2
DA:92,2
DA:93,2
DA:94,2
DA:95,2
DA:96,2
DA:97,2
DA:98,3
DA:99,1
DA:100,1
DA:101,1
DA:102,1
DA:103,1
DA:104,3
DA:105,0
DA:106,0
DA:107,1
DA:108,1
DA:109,1
DA:110,0
DA:111,0
DA:112,0
DA:113,0
DA:114,0
DA:115,0
DA:116,0
DA:117,0
DA:118,0
DA:119,0
DA:120,0
DA:121,0
DA:122,0
DA:123,0
DA:124,0
DA:125,0
DA:126,0
DA:127,0
DA:128,0
DA:129,0
DA:130,0
DA:131,0
DA:132,0
DA:133,0
DA:134,0
DA:135,0
DA:136,0
DA:137,0
DA:138,0
DA:139,0
DA:140,0
DA:141,0
DA:142,0
DA:143,1
DA:144,1
DA:145,0
DA:146,0
DA:147,0
DA:148,0
DA:149,0
DA:150,0
DA:151,0
DA:152,0
DA:153,0
DA:154,0
DA:155,0
DA:156,0
DA:157,0
DA:158,0
DA:159,0
DA:160,0
DA:161,0
DA:162,0
DA:163,0
DA:164,0
DA:165,0
DA:166,0
DA:167,0
DA:168,0
DA:169,0
DA:170,0
DA:171,0
DA:172,0
DA:173,0
DA:174,0
DA:175,0
DA:176,0
DA:177,0
DA:178,0
DA:179,0
DA:180,0
DA:181,1
DA:182,1
DA:183,3
DA:184,3
DA:185,3
DA:186,3
DA:187,3
DA:188,1
DA:189,1
DA:190,1
DA:191,2
DA:192,2
DA:193,2
DA:194,2
DA:195,2
DA:196,2
DA:197,2
DA:198,3
DA:199,1
DA:200,1
DA:201,1
DA:202,1
DA:203,1
DA:204,1
DA:205,1
DA:206,1
DA:207,1
DA:208,1
DA:209,1
DA:210,1
DA:211,1
DA:212,1
DA:213,1
DA:214,0
DA:215,0
DA:216,0
DA:217,0
DA:218,0
DA:219,0
DA:220,0
DA:221,0
DA:222,0
DA:223,0
DA:224,0
DA:225,0
DA:226,0
DA:227,0
DA:228,0
DA:229,0
DA:230,0
DA:231,0
DA:232,0
DA:233,0
DA:234,0
DA:235,0
DA:236,1
DA:237,1
DA:238,1
DA:239,1
DA:240,1
DA:241,1
DA:242,1
DA:243,1
DA:244,1
LF:244
LH:138
BRDA:7,0,0,6
BRDA:14,1,0,1
BRDA:18,2,0,5
BRDA:21,3,0,0
BRDA:24,4,0,5
BRDA:26,5,0,3
BRDA:36,6,0,0
BRDA:46,7,0,2
BRDA:50,8,0,1
BRDA:60,9,0,0
BRDA:64,10,0,1
BRDA:66,11,0,0
BRDA:69,12,0,1
BRDA:71,13,0,3
BRDA:78,14,0,1
BRDA:82,15,0,2
BRDA:84,16,0,0
BRDA:88,17,0,2
BRDA:98,18,0,1
BRDA:104,19,0,0
BRDA:107,20,0,1
BRDA:182,21,0,3
BRDA:187,22,0,1
BRDA:191,23,0,2
BRDA:198,24,0,1
BRDA:214,25,0,0
BRF:26
BRH:19
end_of_record
TN:
SF:controllers/users.js
FN:12,createUser
FN:49,loginUser
FN:86,logout
FNF:3
FNH:3
FNDA:8,createUser
FNDA:4,loginUser
FNDA:1,logout
DA:1,1
DA:2,1
DA:3,1
DA:4,1
DA:5,1
DA:6,1
DA:7,1
DA:8,1
DA:9,1
DA:10,1
DA:11,1
DA:12,1
DA:13,8
DA:14,8
DA:15,8
DA:16,8
DA:17,8
DA:18,8
DA:19,8
DA:20,8
DA:21,8
DA:22,0
DA:23,0
DA:24,0
DA:25,8
DA:26,8
DA:27,1
DA:28,1
DA:29,1
DA:30,7
DA:31,7
DA:32,8
DA:33,4
DA:34,4
DA:35,4
DA:36,3
DA:37,3
DA:38,3
DA:39,3
DA:40,3
DA:41,3
DA:42,3
DA:43,3
DA:44,8
DA:45,0
DA:46,0
DA:47,3
DA:48,1
DA:49,1
DA:50,4
DA:51,4
DA:52,4
DA:53,4
DA:54,4
DA:55,1
DA:56,1
DA:57,1
DA:58,3
DA:59,3
DA:60,3
DA:61,3
DA:62,3
DA:63,3
DA:64,3
DA:65,4
DA:66,1
DA:67,1
DA:68,1
DA:69,2
DA:70,2
DA:71,4
DA:72,0
DA:73,0
DA:74,0
DA:75,2
DA:76,2
DA:77,2
DA:78,2
DA:79,2
DA:80,2
DA:81,4
DA:82,0
DA:83,0
DA:84,2
DA:85,1
DA:86,1
DA:87,1
DA:88,1
DA:89,1
DA:90,1
DA:91,1
DA:92,1
DA:93,0
DA:94,0
DA:95,1
DA:96,1
DA:97,1
DA:98,1
DA:99,1
DA:100,1
DA:101,1
LF:101
LH:89
BRDA:12,0,0,8
BRDA:21,1,0,0
BRDA:26,2,0,1
BRDA:30,3,0,7
BRDA:32,4,0,4
BRDA:36,5,0,3
BRDA:44,6,0,0
BRDA:47,7,0,3
BRDA:49,8,0,4
BRDA:54,9,0,1
BRDA:58,10,0,3
BRDA:65,11,0,1
BRDA:69,12,0,2
BRDA:71,13,0,0
BRDA:75,14,0,2
BRDA:81,15,0,0
BRDA:84,16,0,2
BRDA:86,17,0,1
BRDA:92,18,0,0
BRF:19
BRH:14
end_of_record
TN:
SF:middlewares/isAuth.js
FN:6,Object.<anonymous>.module.exports
FNF:1
FNH:1
FNDA:26,Object.<anonymous>.module.exports
DA:1,1
DA:2,1
DA:3,1
DA:4,1
DA:5,1
DA:6,1
DA:7,26
DA:8,26
DA:9,26
DA:10,6
DA:11,6
DA:12,6
DA:13,20
DA:14,20
DA:15,20
DA:16,20
DA:17,26
DA:18,0
DA:19,0
DA:20,0
DA:21,20
DA:22,20
DA:23,20
DA:24,26
DA:25,7
DA:26,7
DA:27,7
DA:28,13
DA:29,13
DA:30,13
DA:31,26
DA:32,0
DA:33,0
DA:34,13
LF:34
LH:29
BRDA:6,0,0,26
BRDA:9,1,0,25
BRDA:9,2,0,6
BRDA:13,3,0,20
BRDA:17,4,0,0
BRDA:21,5,0,20
BRDA:24,6,0,7
BRDA:28,7,0,13
BRDA:31,8,0,0
BRDA:34,9,0,13
BRF:10
BRH:8
end_of_record
TN:
SF:models/note.js
FN:21,Object.<anonymous>.Note.associations
FNF:1
FNH:0
FNDA:0,Object.<anonymous>.Note.associations
DA:1,1
DA:2,1
DA:3,1
DA:4,1
DA:5,1
DA:6,1
DA:7,1
DA:8,1
DA:9,1
DA:10,1
DA:11,1
DA:12,1
DA:13,1
DA:14,1
DA:15,1
DA:16,1
DA:17,1
DA:18,1
DA:19,1
DA:20,1
DA:21,1
DA:22,1
DA:23,1
DA:24,1
DA:25,1
DA:26,1
LF:26
LH:26
BRF:0
BRH:0
end_of_record
TN:
SF:models/user.js
FN:20,Object.<anonymous>.User.associations
FNF:1
FNH:0
FNDA:0,Object.<anonymous>.User.associations
DA:1,1
DA:2,1
DA:3,1
DA:4,1
DA:5,1
DA:6,1
DA:7,1
DA:8,1
DA:9,1
DA:10,1
DA:11,1
DA:12,1
DA:13,1
DA:14,1
DA:15,1
DA:16,1
DA:17,1
DA:18,1
DA:19,1
DA:20,1
DA:21,1
DA:22,1
DA:23,1
DA:24,1
LF:24
LH:24
BRF:0
BRH:0
end_of_record
TN:
SF:routes/notes.js
FNF:0
FNH:0
DA:1,1
DA:2,1
DA:3,1
DA:4,1
DA:5,1
DA:6,1
DA:7,1
DA:8,1
DA:9,1
DA:10,1
DA:11,1
DA:12,1
DA:13,1
DA:14,1
LF:14
LH:14
BRF:0
BRH:0
end_of_record
TN:
SF:routes/users.js
FNF:0
FNH:0
DA:1,1
DA:2,1
DA:3,1
DA:4,1
DA:5,1
DA:6,1
DA:7,1
DA:8,1
DA:9,1
DA:10,1
DA:11,1
LF:11
LH:11
BRF:0
BRH:0
end_of_record
TN:
SF:services/auth.js
FN:5,hashPassword
FN:23,comparePasswords
FN:35,createToken
FN:57,decodeToken
FNF:4
FNH:4
FNDA:6,hashPassword
FNDA:4,comparePasswords
FNDA:5,createToken
FNDA:20,decodeToken
DA:1,1
DA:2,1
DA:3,1
DA:4,1
DA:5,1
DA:6,6
DA:7,6
DA:8,6
DA:9,0
DA:10,0
DA:11,6
DA:12,6
DA:13,6
DA:14,0
DA:15,0
DA:16,6
DA:17,6
DA:18,6
DA:19,6
DA:20,6
DA:21,1
DA:22,1
DA:23,1
DA:24,4
DA:25,4
DA:26,4
DA:27,0
DA:28,0
DA:29,4
DA:30,4
DA:31,4
DA:32,4
DA:33,1
DA:34,1
DA:35,1
DA:36,5
DA:37,5
DA:38,5
DA:39,5
DA:40,5
DA:41,5
DA:42,5
DA:43,5
DA:44,5
DA:45,5
DA:46,5
DA:47,5
DA:48,0
DA:49,0
DA:50,5
DA:51,5
DA:52,5
DA:53,5
DA:54,5
DA:55,1
DA:56,1
DA:57,1
DA:58,20
DA:59,20
DA:60,20
DA:61,0
DA:62,0
DA:63,20
DA:64,20
DA:65,20
DA:66,20
DA:67,1
DA:68,1
DA:69,1
DA:70,1
DA:71,1
DA:72,1
DA:73,1
DA:74,1
LF:74
LH:64
BRDA:5,0,0,6
BRDA:6,1,0,6
BRDA:7,2,0,6
BRDA:8,3,0,0
BRDA:12,4,0,6
BRDA:13,5,0,0
BRDA:23,6,0,4
BRDA:24,7,0,4
BRDA:25,8,0,4
BRDA:26,9,0,0
BRDA:35,10,0,5
BRDA:36,11,0,5
BRDA:46,12,0,5
BRDA:47,13,0,0
BRDA:57,14,0,20
BRDA:58,15,0,20
BRDA:59,16,0,20
BRDA:60,17,0,0
BRF:18
BRH:13
end_of_record
TN:
SF:services/cache.js
FN:4,removeToken
FN:13,setToken
FN:20,getToken
FN:29,isValidToken
FNF:4
FNH:4
FNDA:6,removeToken
FNDA:5,setToken
FNDA:20,getToken
FNDA:20,isValidToken
DA:1,1
DA:2,1
DA:3,1
DA:4,1
DA:5,6
DA:6,6
DA:7,3
DA:8,3
DA:9,3
DA:10,3
DA:11,3
DA:12,1
DA:13,1
DA:14,5
DA:15,5
DA:16,5
DA:17,5
DA:18,5
DA:19,1
DA:20,1
DA:21,20
DA:22,20
DA:23,7
DA:24,7
DA:25,13
DA:26,13
DA:27,13
DA:28,1
DA:29,1
DA:30,20
DA:31,20
DA:32,20
DA:33,7
DA:34,7
DA:35,13
DA:36,13
DA:37,13
DA:38,1
DA:39,1
DA:40,1
DA:41,1
DA:42,1
DA:43,1
LF:43
LH:43
BRDA:4,0,0,6
BRDA:6,1,0,3
BRDA:13,2,0,5
BRDA:20,3,0,20
BRDA:22,4,0,7
BRDA:25,5,0,13
BRDA:29,6,0,20
BRDA:32,7,0,7
BRDA:35,8,0,13
BRF:9
BRH:9
end_of_record
TN:
SF:validators/note.js
FNF:0
FNH:0
DA:1,1
DA:2,1
DA:3,1
DA:4,1
DA:5,1
DA:6,1
DA:7,1
DA:8,1
DA:9,1
DA:10,1
DA:11,1
DA:12,1
DA:13,1
DA:14,1
DA:15,1
DA:16,1
DA:17,1
DA:18,1
DA:19,1
DA:20,1
DA:21,1
DA:22,1
DA:23,1
DA:24,1
DA:25,1
DA:26,1
DA:27,1
DA:28,1
DA:29,1
DA:30,1
DA:31,1
DA:32,1
DA:33,1
DA:34,1
DA:35,1
DA:36,1
DA:37,1
DA:38,1
DA:39,1
DA:40,1
DA:41,1
DA:42,1
DA:43,1
DA:44,1
DA:45,1
DA:46,1
DA:47,1
DA:48,1
DA:49,1
DA:50,1
DA:51,1
DA:52,1
DA:53,1
DA:54,1
DA:55,1
DA:56,1
DA:57,1
DA:58,1
DA:59,1
DA:60,1
DA:61,1
DA:62,1
LF:62
LH:62
BRF:0
BRH:0
end_of_record
TN:
SF:validators/user.js
FNF:0
FNH:0
DA:1,1
DA:2,1
DA:3,1
DA:4,1
DA:5,1
DA:6,1
DA:7,1
DA:8,1
DA:9,1
DA:10,1
DA:11,1
DA:12,1
DA:13,1
DA:14,1
DA:15,1
DA:16,1
DA:17,1
DA:18,1
DA:19,1
DA:20,1
DA:21,1
DA:22,1
DA:23,1
DA:24,1
DA:25,1
DA:26,1
DA:27,1
DA:28,1
DA:29,1
DA:30,1
DA:31,1
DA:32,1
DA:33,1
DA:34,1
DA:35,1
DA:36,1
DA:37,1
DA:38,1
DA:39,1
DA:40,1
DA:41,1
DA:42,1
DA:43,1
LF:43
LH:43
BRF:0
BRH:0
end_of_record
