TN:
SF:const.js
FNF:0
FNH:0
DA:1,1
DA:2,1
DA:3,1
DA:4,1
DA:5,1
DA:6,1
DA:7,1
DA:8,1
DA:9,1
DA:10,1
DA:11,1
DA:12,1
DA:13,1
DA:14,1
DA:15,1
DA:16,1
DA:17,1
DA:18,1
DA:19,1
DA:20,1
DA:21,1
DA:22,1
DA:23,1
DA:24,1
DA:25,1
DA:26,1
DA:27,1
DA:28,1
DA:29,1
DA:30,1
DA:31,1
DA:32,1
DA:33,1
DA:34,1
DA:35,1
DA:36,1
DA:37,1
DA:38,1
DA:39,1
DA:40,1
LF:40
LH:40
BRF:0
BRH:0
end_of_record
TN:
SF:server.js
FNF:0
FNH:0
DA:1,1
DA:2,1
DA:3,1
DA:4,1
DA:5,1
DA:6,1
DA:7,1
DA:8,1
DA:9,1
DA:10,1
DA:11,1
DA:12,1
DA:13,1
DA:14,1
DA:15,1
DA:16,1
DA:17,1
DA:18,1
DA:19,1
DA:20,1
DA:21,1
DA:22,1
DA:23,1
DA:24,1
DA:25,1
DA:26,1
DA:27,1
DA:28,0
DA:29,0
DA:30,0
DA:31,0
DA:32,0
DA:33,0
DA:34,0
DA:35,0
DA:36,1
DA:37,1
DA:38,1
DA:39,1
DA:40,1
DA:41,1
DA:42,1
DA:43,1
DA:44,1
DA:45,1
DA:46,1
DA:47,1
LF:47
LH:39
BRDA:27,0,0,0
BRF:1
BRH:0
end_of_record
TN:
SF:config/db.js
FNF:0
FNH:0
DA:1,1
DA:2,1
DA:3,1
DA:4,1
DA:5,1
DA:6,0
DA:7,0
DA:8,0
DA:9,0
DA:10,1
DA:11,1
DA:12,1
DA:13,1
DA:14,1
DA:15,1
DA:16,1
DA:17,1
DA:18,1
DA:19,1
DA:20,1
LF:20
LH:16
BRDA:5,0,0,0
BRF:1
BRH:0
end_of_record
TN:
SF:config/logger.js
FNF:0
FNH:0
DA:1,1
DA:2,1
DA:3,1
DA:4,1
DA:5,1
DA:6,1
DA:7,1
DA:8,1
DA:9,1
DA:10,1
DA:11,1
DA:12,1
DA:13,1
LF:13
LH:13
BRF:0
BRH:0
end_of_record
TN:
SF:config/redis.js
FN:20,close
FN:29,drop
FNF:2
FNH:2
FNDA:1,close
FNDA:1,drop
DA:1,1
DA:2,1
DA:3,1
DA:4,1
DA:5,1
DA:6,1
DA:7,1
DA:8,0
DA:9,0
DA:10,1
DA:11,1
DA:12,1
DA:13,1
DA:14,1
DA:15,1
DA:16,1
DA:17,1
DA:18,1
DA:19,1
DA:20,1
DA:21,1
DA:22,1
DA:23,1
DA:24,1
DA:25,1
DA:26,1
DA:27,1
DA:28,1
DA:29,1
DA:30,1
DA:31,1
DA:32,1
DA:33,1
DA:34,1
DA:35,1
DA:36,1
DA:37,1
DA:38,1
DA:39,1
DA:40,1
DA:41,1
DA:42,1
DA:43,1
DA:44,1
DA:45,1
DA:46,1
DA:47,1
LF:47
LH:45
BRDA:11,0,0,1
BRDA:20,1,0,1
BRDA:21,2,0,1
BRDA:22,3,0,1
BRDA:26,4,0,1
BRDA:29,5,0,1
BRDA:30,6,0,1
BRDA:31,7,0,1
BRDA:35,8,0,1
BRF:9
BRH:9
end_of_record
TN:
SF:controllers/notes.js
FN:7,createNote
FN:26,getNotes
FN:71,updateNote
FN:109,deleteNote
FN:144,shareNote
FN:182,getSharedNote
FNF:6
FNH:6
FNDA:7,createNote
FNDA:3,getNotes
FNDA:3,updateNote
FNDA:3,deleteNote
FNDA:3,shareNote
FNDA:3,getSharedNote
DA:1,1
DA:2,1
DA:3,1
DA:4,1
DA:5,1
DA:6,1
DA:7,1
DA:8,7
DA:9,7
DA:10,7
DA:11,7
DA:12,7
DA:13,7
DA:14,7
DA:15,1
DA:16,1
DA:17,1
DA:18,6
DA:19,6
DA:20,6
DA:21,7
DA:22,0
DA:23,0
DA:24,6
DA:25,1
DA:26,1
DA:27,3
DA:28,3
DA:29,3
DA:30,3
DA:31,3
DA:32,3
DA:33,3
DA:34,3
DA:35,3
DA:36,3
DA:37,0
DA:38,0
DA:39,0
DA:40,3
DA:41,3
DA:42,3
DA:43,3
DA:44,3
DA:45,3
DA:46,3
DA:47,2
DA:48,2
DA:49,2
DA:50,1
DA:51,1
DA:52,1
DA:53,1
DA:54,1
DA:55,1
DA:56,1
DA:57,1
DA:58,1
DA:59,1
DA:60,3
DA:61,0
DA:62,0
DA:63,0
DA:64,1
DA:65,1
DA:66,3
DA:67,0
DA:68,0
DA:69,1
DA:70,1
DA:71,1
DA:72,3
DA:73,3
DA:74,3
DA:75,3
DA:76,3
DA:77,3
DA:78,3
DA:79,1
DA:80,1
DA:81,1
DA:82,2
DA:83,2
DA:84,3
DA:85,0
DA:86,0
DA:87,0
DA:88,2
DA:89,2
DA:90,2
DA:91,2
DA:92,2
DA:93,2
DA:94,2
DA:95,2
DA:96,2
DA:97,2
DA:98,3
DA:99,1
DA:100,1
DA:101,1
DA:102,1
DA:103,1
DA:104,3
DA:105,0
DA:106,0
DA:107,1
DA:108,1
DA:109,1
DA:110,3
DA:111,3
DA:112,3
DA:113,3
DA:114,3
DA:115,3
DA:116,1
DA:117,1
DA:118,1
DA:119,2
DA:120,2
DA:121,2
DA:122,2
DA:123,2
DA:124,2
DA:125,2
DA:126,2
DA:127,2
DA:128,2
DA:129,2
DA:130,2
DA:131,2
DA:132,2
DA:133,3
DA:134,1
DA:135,1
DA:136,1
DA:137,1
DA:138,1
DA:139,3
DA:140,0
DA:141,0
DA:142,1
DA:143,1
DA:144,1
DA:145,3
DA:146,3
DA:147,3
DA:148,3
DA:149,3
DA:150,3
DA:151,3
DA:152,0
DA:153,0
DA:154,0
DA:155,3
DA:156,3
DA:157,3
DA:158,1
DA:159,1
DA:160,1
DA:161,2
DA:162,2
DA:163,2
DA:164,2
DA:165,2
DA:166,2
DA:167,2
DA:168,2
DA:169,2
DA:170,2
DA:171,3
DA:172,1
DA:173,1
DA:174,1
DA:175,1
DA:176,1
DA:177,3
DA:178,0
DA:179,0
DA:180,1
DA:181,1
DA:182,1
DA:183,3
DA:184,3
DA:185,3
DA:186,3
DA:187,3
DA:188,0
DA:189,0
DA:190,0
DA:191,3
DA:192,3
DA:193,3
DA:194,3
DA:195,3
DA:196,3
DA:197,3
DA:198,3
DA:199,1
DA:200,1
DA:201,1
DA:202,2
DA:203,2
DA:204,2
DA:205,2
DA:206,2
DA:207,2
DA:208,2
DA:209,2
DA:210,3
DA:211,1
DA:212,1
DA:213,1
DA:214,1
DA:215,1
DA:216,1
DA:217,1
DA:218,1
DA:219,1
DA:220,1
DA:221,3
DA:222,0
DA:223,0
DA:224,0
DA:225,1
DA:226,1
DA:227,1
DA:228,1
DA:229,1
DA:230,1
DA:231,1
DA:232,3
DA:233,0
DA:234,0
DA:235,1
DA:236,1
DA:237,1
DA:238,1
DA:239,1
DA:240,1
DA:241,1
DA:242,1
DA:243,1
DA:244,1
LF:244
LH:214
BRDA:7,0,0,7
BRDA:14,1,0,1
BRDA:18,2,0,6
BRDA:21,3,0,0
BRDA:24,4,0,6
BRDA:26,5,0,3
BRDA:36,6,0,0
BRDA:46,7,0,2
BRDA:50,8,0,1
BRDA:60,9,0,0
BRDA:64,10,0,1
BRDA:66,11,0,0
BRDA:69,12,0,1
BRDA:71,13,0,3
BRDA:78,14,0,1
BRDA:82,15,0,2
BRDA:84,16,0,0
BRDA:88,17,0,2
BRDA:98,18,0,1
BRDA:104,19,0,0
BRDA:107,20,0,1
BRDA:109,21,0,3
BRDA:115,22,0,1
BRDA:119,23,0,2
BRDA:133,24,0,1
BRDA:139,25,0,0
BRDA:142,26,0,1
BRDA:144,27,0,3
BRDA:151,28,0,0
BRDA:157,29,0,1
BRDA:161,30,0,2
BRDA:171,31,0,1
BRDA:177,32,0,0
BRDA:180,33,0,1
BRDA:182,34,0,3
BRDA:187,35,0,0
BRDA:198,36,0,1
BRDA:202,37,0,2
BRDA:210,38,0,1
BRDA:221,39,0,0
BRDA:225,40,0,1
BRDA:232,41,0,0
BRDA:235,42,0,1
BRF:43
BRH:31
end_of_record
TN:
SF:controllers/users.js
FN:12,createUser
FN:49,loginUser
FN:86,logout
FNF:3
FNH:1
FNDA:2,createUser
FNDA:0,loginUser
FNDA:0,logout
DA:1,1
DA:2,1
DA:3,1
DA:4,1
DA:5,1
DA:6,1
DA:7,1
DA:8,1
DA:9,1
DA:10,1
DA:11,1
DA:12,1
DA:13,2
DA:14,2
DA:15,2
DA:16,2
DA:17,2
DA:18,2
DA:19,2
DA:20,2
DA:21,2
DA:22,0
DA:23,0
DA:24,0
DA:25,2
DA:26,2
DA:27,0
DA:28,0
DA:29,0
DA:30,2
DA:31,2
DA:32,2
DA:33,0
DA:34,0
DA:35,0
DA:36,2
DA:37,2
DA:38,2
DA:39,2
DA:40,2
DA:41,2
DA:42,2
DA:43,2
DA:44,2
DA:45,0
DA:46,0
DA:47,2
DA:48,1
DA:49,1
DA:50,0
DA:51,0
DA:52,0
DA:53,0
DA:54,0
DA:55,0
DA:56,0
DA:57,0
DA:58,0
DA:59,0
DA:60,0
DA:61,0
DA:62,0
DA:63,0
DA:64,0
DA:65,0
DA:66,0
DA:67,0
DA:68,0
DA:69,0
DA:70,0
DA:71,0
DA:72,0
DA:73,0
DA:74,0
DA:75,0
DA:76,0
DA:77,0
DA:78,0
DA:79,0
DA:80,0
DA:81,0
DA:82,0
DA:83,0
DA:84,0
DA:85,1
DA:86,1
DA:87,0
DA:88,0
DA:89,0
DA:90,0
DA:91,0
DA:92,0
DA:93,0
DA:94,0
DA:95,0
DA:96,1
DA:97,1
DA:98,1
DA:99,1
DA:100,1
DA:101,1
LF:101
LH:46
BRDA:12,0,0,2
BRDA:21,1,0,0
BRDA:26,2,0,0
BRDA:32,3,0,0
BRDA:44,4,0,0
BRF:5
BRH:1
end_of_record
TN:
SF:middlewares/isAuth.js
FN:6,Object.<anonymous>.module.exports
FNF:1
FNH:1
FNDA:24,Object.<anonymous>.module.exports
DA:1,1
DA:2,1
DA:3,1
DA:4,1
DA:5,1
DA:6,1
DA:7,24
DA:8,24
DA:9,24
DA:10,5
DA:11,5
DA:12,5
DA:13,19
DA:14,19
DA:15,19
DA:16,19
DA:17,24
DA:18,0
DA:19,0
DA:20,0
DA:21,19
DA:22,19
DA:23,19
DA:24,24
DA:25,0
DA:26,0
DA:27,0
DA:28,19
DA:29,19
DA:30,19
DA:31,24
DA:32,0
DA:33,0
DA:34,19
LF:34
LH:26
BRDA:6,0,0,24
BRDA:9,1,0,5
BRDA:13,2,0,19
BRDA:17,3,0,0
BRDA:21,4,0,19
BRDA:24,5,0,0
BRDA:28,6,0,19
BRDA:31,7,0,0
BRDA:34,8,0,19
BRF:9
BRH:6
end_of_record
TN:
SF:models/note.js
FN:21,Object.<anonymous>.Note.associations
FNF:1
FNH:0
FNDA:0,Object.<anonymous>.Note.associations
DA:1,1
DA:2,1
DA:3,1
DA:4,1
DA:5,1
DA:6,1
DA:7,1
DA:8,1
DA:9,1
DA:10,1
DA:11,1
DA:12,1
DA:13,1
DA:14,1
DA:15,1
DA:16,1
DA:17,1
DA:18,1
DA:19,1
DA:20,1
DA:21,1
DA:22,1
DA:23,1
DA:24,1
DA:25,1
DA:26,1
LF:26
LH:26
BRF:0
BRH:0
end_of_record
TN:
SF:models/user.js
FN:20,Object.<anonymous>.User.associations
FNF:1
FNH:0
FNDA:0,Object.<anonymous>.User.associations
DA:1,1
DA:2,1
DA:3,1
DA:4,1
DA:5,1
DA:6,1
DA:7,1
DA:8,1
DA:9,1
DA:10,1
DA:11,1
DA:12,1
DA:13,1
DA:14,1
DA:15,1
DA:16,1
DA:17,1
DA:18,1
DA:19,1
DA:20,1
DA:21,1
DA:22,1
DA:23,1
DA:24,1
LF:24
LH:24
BRF:0
BRH:0
end_of_record
TN:
SF:routes/notes.js
FNF:0
FNH:0
DA:1,1
DA:2,1
DA:3,1
DA:4,1
DA:5,1
DA:6,1
DA:7,1
DA:8,1
DA:9,1
DA:10,1
DA:11,1
DA:12,1
DA:13,1
DA:14,1
LF:14
LH:14
BRF:0
BRH:0
end_of_record
TN:
SF:routes/users.js
FNF:0
FNH:0
DA:1,1
DA:2,1
DA:3,1
DA:4,1
DA:5,1
DA:6,1
DA:7,1
DA:8,1
DA:9,1
DA:10,1
DA:11,1
LF:11
LH:11
BRF:0
BRH:0
end_of_record
TN:
SF:services/auth.js
FN:5,hashPassword
FN:23,comparePasswords
FN:35,createToken
FN:57,decodeToken
FNF:4
FNH:3
FNDA:2,hashPassword
FNDA:0,comparePasswords
FNDA:2,createToken
FNDA:19,decodeToken
DA:1,1
DA:2,1
DA:3,1
DA:4,1
DA:5,1
DA:6,2
DA:7,2
DA:8,2
DA:9,0
DA:10,0
DA:11,2
DA:12,2
DA:13,2
DA:14,0
DA:15,0
DA:16,2
DA:17,2
DA:18,2
DA:19,2
DA:20,2
DA:21,1
DA:22,1
DA:23,1
DA:24,0
DA:25,0
DA:26,0
DA:27,0
DA:28,0
DA:29,0
DA:30,0
DA:31,0
DA:32,0
DA:33,1
DA:34,1
DA:35,1
DA:36,2
DA:37,2
DA:38,2
DA:39,2
DA:40,2
DA:41,2
DA:42,2
DA:43,2
DA:44,2
DA:45,2
DA:46,2
DA:47,2
DA:48,0
DA:49,0
DA:50,2
DA:51,2
DA:52,2
DA:53,2
DA:54,2
DA:55,1
DA:56,1
DA:57,1
DA:58,19
DA:59,19
DA:60,19
DA:61,0
DA:62,0
DA:63,19
DA:64,19
DA:65,19
DA:66,19
DA:67,1
DA:68,1
DA:69,1
DA:70,1
DA:71,1
DA:72,1
DA:73,1
DA:74,1
LF:74
LH:57
BRDA:5,0,0,2
BRDA:6,1,0,2
BRDA:7,2,0,2
BRDA:8,3,0,0
BRDA:12,4,0,2
BRDA:13,5,0,0
BRDA:35,6,0,2
BRDA:36,7,0,2
BRDA:46,8,0,2
BRDA:47,9,0,0
BRDA:57,10,0,19
BRDA:58,11,0,19
BRDA:59,12,0,19
BRDA:60,13,0,0
BRF:14
BRH:10
end_of_record
TN:
SF:services/cache.js
FN:4,removeToken
FN:13,setToken
FN:20,getToken
FN:29,isValidToken
FNF:4
FNH:4
FNDA:2,removeToken
FNDA:2,setToken
FNDA:19,getToken
FNDA:19,isValidToken
DA:1,1
DA:2,1
DA:3,1
DA:4,1
DA:5,2
DA:6,2
DA:7,2
DA:8,2
DA:9,0
DA:10,0
DA:11,0
DA:12,1
DA:13,1
DA:14,2
DA:15,2
DA:16,2
DA:17,2
DA:18,2
DA:19,1
DA:20,1
DA:21,19
DA:22,19
DA:23,0
DA:24,0
DA:25,19
DA:26,19
DA:27,19
DA:28,1
DA:29,1
DA:30,19
DA:31,19
DA:32,19
DA:33,0
DA:34,0
DA:35,19
DA:36,19
DA:37,19
DA:38,1
DA:39,1
DA:40,1
DA:41,1
DA:42,1
DA:43,1
LF:43
LH:36
BRDA:4,0,0,2
BRDA:9,1,0,0
BRDA:13,2,0,2
BRDA:20,3,0,19
BRDA:22,4,0,0
BRDA:29,5,0,19
BRDA:32,6,0,0
BRF:7
BRH:4
end_of_record
TN:
SF:validators/note.js
FNF:0
FNH:0
DA:1,1
DA:2,1
DA:3,1
DA:4,1
DA:5,1
DA:6,1
DA:7,1
DA:8,1
DA:9,1
DA:10,1
DA:11,1
DA:12,1
DA:13,1
DA:14,1
DA:15,1
DA:16,1
DA:17,1
DA:18,1
DA:19,1
DA:20,1
DA:21,1
DA:22,1
DA:23,1
DA:24,1
DA:25,1
DA:26,1
DA:27,1
DA:28,1
DA:29,1
DA:30,1
DA:31,1
DA:32,1
DA:33,1
DA:34,1
DA:35,1
DA:36,1
DA:37,1
DA:38,1
DA:39,1
DA:40,1
DA:41,1
DA:42,1
DA:43,1
DA:44,1
DA:45,1
DA:46,1
DA:47,1
DA:48,1
DA:49,1
DA:50,1
DA:51,1
DA:52,1
DA:53,1
DA:54,1
DA:55,1
DA:56,1
DA:57,1
DA:58,1
DA:59,1
DA:60,1
DA:61,1
DA:62,1
LF:62
LH:62
BRF:0
BRH:0
end_of_record
TN:
SF:validators/user.js
FNF:0
FNH:0
DA:1,1
DA:2,1
DA:3,1
DA:4,1
DA:5,1
DA:6,1
DA:7,1
DA:8,1
DA:9,1
DA:10,1
DA:11,1
DA:12,1
DA:13,1
DA:14,1
DA:15,1
DA:16,1
DA:17,1
DA:18,1
DA:19,1
DA:20,1
DA:21,1
DA:22,1
DA:23,1
DA:24,1
DA:25,1
DA:26,1
DA:27,1
DA:28,1
DA:29,1
DA:30,1
DA:31,1
DA:32,1
DA:33,1
DA:34,1
DA:35,1
DA:36,1
DA:37,1
DA:38,1
DA:39,1
DA:40,1
DA:41,1
DA:42,1
DA:43,1
LF:43
LH:43
BRF:0
BRH:0
end_of_record
